<?xml version="1.0" encoding="UTF-8"?>
<!-- Generated by org.testng.reporters.JUnitReportReporter -->
<testsuite hostname="Sanjay-Kumar" failures="0" tests="2" name="com.mystore.testcases.TC02_LoginPage_DataDriven" time="12.091" errors="0" timestamp="2024-09-04T16:12:20 IST" skipped="0">
  <testcase classname="com.mystore.testcases.TC02_LoginPage_DataDriven" name="verifyCorrectLogin" time="7.149"/>
  <testcase classname="com.mystore.testcases.TC02_LoginPage_DataDriven" name="verifyCorrectLogin" time="4.942"/>
</testsuite> <!-- com.mystore.testcases.TC02_LoginPage_DataDriven -->
