<?xml version="1.0" encoding="UTF-8"?>
<!-- Generated by org.testng.reporters.JUnitReportReporter -->
<testsuite hostname="Sanjay-Kumar" failures="0" tests="1" name="com.mystore.testcases.TC_LoginPage" time="16.447" errors="0" timestamp="2024-08-22T16:06:54 IST" skipped="0">
  <testcase classname="com.mystore.testcases.TC_LoginPage" name="Singnup_login" time="16.447"/>
</testsuite> <!-- com.mystore.testcases.TC_LoginPage -->
