<?xml version="1.0" encoding="UTF-8"?>
<!-- Generated by org.testng.reporters.JUnitReportReporter -->
<testsuite hostname="Sanjay-Kumar" failures="0" tests="3" name="com.mystore.testcases.TC02_LoginPage_DataDriven" time="36.695" errors="0" timestamp="2024-09-03T11:37:08 IST" skipped="1">
  <testcase classname="com.mystore.testcases.TC02_LoginPage_DataDriven" name="verifyCorrectLogin" time="26.056"/>
  <testcase classname="com.mystore.testcases.TC02_LoginPage_DataDriven" name="verifyCorrectLogin" time="10.639"/>
  <testcase classname="com.mystore.testcases.TC02_LoginPage_DataDriven" name="Singnup_login">
    <skipped/>
  </testcase> <!-- Singnup_login -->
</testsuite> <!-- com.mystore.testcases.TC02_LoginPage_DataDriven -->
