<?xml version="1.0" encoding="UTF-8"?>
<!-- Generated by org.testng.reporters.JUnitReportReporter -->
<testsuite hostname="Sanjay-Kumar" failures="0" tests="1" name="com.mystore.testcases.TC0101_LoginPage_CorrectUser" time="3.911" errors="0" timestamp="2024-09-03T15:21:55 IST" skipped="0">
  <testcase classname="com.mystore.testcases.TC0101_LoginPage_CorrectUser" name="verifyCorrectLogin" time="3.911"/>
</testsuite> <!-- com.mystore.testcases.TC0101_LoginPage_CorrectUser -->
