<?xml version="1.0" encoding="UTF-8"?>
<!-- Generated by org.testng.reporters.JUnitReportReporter -->
<testsuite hostname="Sanjay-Kumar" failures="0" tests="2" name="com.mystore.testcases.TC02_LoginPage_DataDriven" time="39.956" errors="0" timestamp="2024-09-05T12:13:26 IST" skipped="0">
  <testcase classname="com.mystore.testcases.TC02_LoginPage_DataDriven" name="verifyCorrectLogin" time="8.630"/>
  <testcase classname="com.mystore.testcases.TC02_LoginPage_DataDriven" name="verifyCorrectLogin" time="31.326"/>
</testsuite> <!-- com.mystore.testcases.TC02_LoginPage_DataDriven -->
