<?xml version="1.0" encoding="UTF-8"?>
<!-- Generated by org.testng.reporters.JUnitReportReporter -->
<testsuite hostname="Sanjay-Kumar" failures="0" tests="2" name="com.mystore.testcases.TC02_LoginPage_DataDriven" time="20.313" errors="0" timestamp="2024-09-06T13:10:18 IST" skipped="0">
  <testcase classname="com.mystore.testcases.TC02_LoginPage_DataDriven" name="verifyCorrectLogin" time="10.582"/>
  <testcase classname="com.mystore.testcases.TC02_LoginPage_DataDriven" name="verifyCorrectLogin" time="9.731"/>
</testsuite> <!-- com.mystore.testcases.TC02_LoginPage_DataDriven -->
