<?xml version="1.0" encoding="UTF-8"?>
<!-- Generated by org.testng.reporters.JUnitReportReporter -->
<testsuite hostname="Sanjay-Kumar" failures="0" tests="1" name="com.mystore.testcases.TC05_AddProductNoLogin" time="16.701" errors="0" timestamp="2024-09-06T16:21:49 IST" skipped="0">
  <testcase classname="com.mystore.testcases.TC05_AddProductNoLogin" name="addProductWithoutLogin" time="16.701"/>
</testsuite> <!-- com.mystore.testcases.TC05_AddProductNoLogin -->
