<?xml version="1.0" encoding="UTF-8"?>
<!-- Generated by org.testng.reporters.JUnitReportReporter -->
<testsuite hostname="Sanjay-Kumar" failures="0" tests="1" name="com.mystore.testcases.TC0101_LoginPage_ValidLogin" time="11.439" errors="0" timestamp="2024-09-05T10:32:26 IST" skipped="0">
  <testcase classname="com.mystore.testcases.TC0101_LoginPage_ValidLogin" name="verifyCorrectLogin" time="11.439"/>
</testsuite> <!-- com.mystore.testcases.TC0101_LoginPage_ValidLogin -->
