<?xml version="1.0" encoding="UTF-8"?>
<!-- Generated by org.testng.reporters.JUnitReportReporter -->
<testsuite hostname="Sanjay-Kumar" failures="0" tests="1" name="com.mystore.testcases.TC03_ProductPage" time="8.654" errors="0" timestamp="2024-09-04T16:12:20 IST" skipped="0">
  <testcase classname="com.mystore.testcases.TC03_ProductPage" name="productSearchPage" time="8.654"/>
</testsuite> <!-- com.mystore.testcases.TC03_ProductPage -->
