<?xml version="1.0" encoding="UTF-8"?>
<!-- Generated by org.testng.reporters.JUnitReportReporter -->
<testsuite hostname="Sanjay-Kumar" failures="0" tests="1" name="com.mystore.testcases.TC05_AddProductNoLogin" time="12.265" errors="0" timestamp="2024-09-04T16:12:20 IST" skipped="0">
  <testcase classname="com.mystore.testcases.TC05_AddProductNoLogin" name="addProductWithoutLogin" time="12.265"/>
</testsuite> <!-- com.mystore.testcases.TC05_AddProductNoLogin -->
