<?xml version="1.0" encoding="UTF-8"?>
<!-- Generated by org.testng.reporters.JUnitReportReporter -->
<testsuite hostname="Sanjay-Kumar" failures="0" tests="1" name="com.mystore.testcases.TC07_ScrollPageUP" time="12.345" errors="0" timestamp="2024-09-06T13:10:18 IST" skipped="0">
  <testcase classname="com.mystore.testcases.TC07_ScrollPageUP" name="ScrollHomePageUP" time="12.345"/>
</testsuite> <!-- com.mystore.testcases.TC07_ScrollPageUP -->
