<?xml version="1.0" encoding="UTF-8"?>
<!-- Generated by org.testng.reporters.JUnitReportReporter -->
<testsuite hostname="Sanjay-Kumar" failures="0" tests="1" name="com.mystore.testcases.TC0102_LoginPage_InvalidLogin" time="8.347" errors="0" timestamp="2024-09-05T12:13:26 IST" skipped="0">
  <testcase classname="com.mystore.testcases.TC0102_LoginPage_InvalidLogin" name="verifyInvalidEmailLogin" time="8.347"/>
</testsuite> <!-- com.mystore.testcases.TC0102_LoginPage_InvalidLogin -->
