<?xml version="1.0" encoding="UTF-8"?>
<!-- Generated by org.testng.reporters.JUnitReportReporter -->
<testsuite hostname="Sanjay-Kumar" failures="0" tests="2" name="com.mystore.testcases.TC02_LoginPage_DataDriven" time="29.659" errors="0" timestamp="2024-09-06T16:21:49 IST" skipped="0">
  <testcase classname="com.mystore.testcases.TC02_LoginPage_DataDriven" name="verifyCorrectLogin" time="13.582"/>
  <testcase classname="com.mystore.testcases.TC02_LoginPage_DataDriven" name="verifyCorrectLogin" time="16.077"/>
</testsuite> <!-- com.mystore.testcases.TC02_LoginPage_DataDriven -->
