<?xml version="1.0" encoding="UTF-8"?>
<!-- Generated by org.testng.reporters.JUnitReportReporter -->
<testsuite hostname="Sanjay-Kumar" failures="0" tests="2" name="com.mystore.testcases.TC02_LoginPage_DataDriven" time="21.467" errors="0" timestamp="2024-09-06T11:46:57 IST" skipped="0">
  <testcase classname="com.mystore.testcases.TC02_LoginPage_DataDriven" name="verifyCorrectLogin" time="10.690"/>
  <testcase classname="com.mystore.testcases.TC02_LoginPage_DataDriven" name="verifyCorrectLogin" time="10.777"/>
</testsuite> <!-- com.mystore.testcases.TC02_LoginPage_DataDriven -->
