<?xml version="1.0" encoding="UTF-8"?>
<!-- Generated by org.testng.reporters.JUnitReportReporter -->
<testsuite hostname="Sanjay-Kumar" failures="0" tests="1" name="com.mystore.testcases.TC04_AddProductCart" time="28.766" errors="0" timestamp="2024-09-03T11:37:08 IST" skipped="0">
  <testcase classname="com.mystore.testcases.TC04_AddProductCart" name="productAddToCartAndPayment" time="28.766"/>
</testsuite> <!-- com.mystore.testcases.TC04_AddProductCart -->
