<?xml version="1.0" encoding="UTF-8"?>
<!-- Generated by org.testng.reporters.JUnitReportReporter -->
<testsuite hostname="Sanjay-Kumar" failures="0" tests="1" name="com.mystore.testcases.TC06_ScrollPageHome" time="13.361" errors="0" timestamp="2024-09-06T11:46:57 IST" skipped="0">
  <testcase classname="com.mystore.testcases.TC06_ScrollPageHome" name="ScrollHomePage" time="13.361"/>
</testsuite> <!-- com.mystore.testcases.TC06_ScrollPageHome -->
