<?xml version="1.0" encoding="UTF-8"?>
<!-- Generated by org.testng.reporters.JUnitReportReporter -->
<testsuite hostname="Sanjay-Kumar" failures="0" tests="1" name="com.mystore.testcases.TC03_ProductPage" time="12.607" errors="0" timestamp="2024-09-03T16:28:28 IST" skipped="0">
  <testcase classname="com.mystore.testcases.TC03_ProductPage" name="productSearchPage" time="12.607"/>
</testsuite> <!-- com.mystore.testcases.TC03_ProductPage -->
