<?xml version="1.0" encoding="UTF-8"?>
<!-- Generated by org.testng.reporters.JUnitReportReporter -->
<testsuite hostname="Sanjay-Kumar" failures="0" tests="1" name="com.mystore.testcases.TC0101_LoginPage_ValidLogin" time="4.700" errors="0" timestamp="2024-09-03T16:28:28 IST" skipped="0">
  <testcase classname="com.mystore.testcases.TC0101_LoginPage_ValidLogin" name="verifyCorrectLogin" time="4.700"/>
</testsuite> <!-- com.mystore.testcases.TC0101_LoginPage_ValidLogin -->
