<?xml version="1.0" encoding="UTF-8"?>
<!-- Generated by org.testng.reporters.JUnitReportReporter -->
<testsuite hostname="Sanjay-Kumar" failures="0" tests="1" name="com.mystore.testcases.TC05_AddProductNoLogin" time="14.583" errors="0" timestamp="2024-09-05T12:02:27 IST" skipped="0">
  <testcase classname="com.mystore.testcases.TC05_AddProductNoLogin" name="addProductWithoutLogin" time="14.583"/>
</testsuite> <!-- com.mystore.testcases.TC05_AddProductNoLogin -->
