<?xml version="1.0" encoding="UTF-8"?>
<!-- Generated by org.testng.reporters.JUnitReportReporter -->
<testsuite hostname="Sanjay-Kumar" failures="0" tests="3" name="com.mystore.testcases.TC02_LoginPage_DataDriven" time="30.989" errors="0" timestamp="2024-09-03T16:28:28 IST" skipped="1">
  <testcase classname="com.mystore.testcases.TC02_LoginPage_DataDriven" name="verifyCorrectLogin" time="20.806"/>
  <testcase classname="com.mystore.testcases.TC02_LoginPage_DataDriven" name="verifyCorrectLogin" time="10.183"/>
  <testcase classname="com.mystore.testcases.TC02_LoginPage_DataDriven" name="Singnup_login">
    <skipped/>
  </testcase> <!-- Singnup_login -->
</testsuite> <!-- com.mystore.testcases.TC02_LoginPage_DataDriven -->
