<?xml version="1.0" encoding="UTF-8"?>
<!-- Generated by org.testng.reporters.JUnitReportReporter -->
<testsuite hostname="Sanjay-Kumar" failures="0" tests="1" name="com.mystore.testcases.TC0102_LoginPage_InvalidLogin" time="3.314" errors="0" timestamp="2024-09-03T16:28:28 IST" skipped="0">
  <testcase classname="com.mystore.testcases.TC0102_LoginPage_InvalidLogin" name="verifyInvalidEmailLogin" time="3.314"/>
</testsuite> <!-- com.mystore.testcases.TC0102_LoginPage_InvalidLogin -->
