<?xml version="1.0" encoding="UTF-8"?>
<!-- Generated by org.testng.reporters.JUnitReportReporter -->
<testsuite hostname="Sanjay-Kumar" failures="0" tests="1" name="com.mystore.testcases.TC04_AddProductCart" time="24.750" errors="0" timestamp="2024-09-05T12:02:27 IST" skipped="0">
  <testcase classname="com.mystore.testcases.TC04_AddProductCart" name="productAddToCartAndPayment" time="24.750"/>
</testsuite> <!-- com.mystore.testcases.TC04_AddProductCart -->
